TN:
SF:src\operacoes.js
FN:1,sum
FN:8,sub
FN:14,div
FN:20,mult
FN:27,Pot
FN:34,Raiz
FNF:6
FNH:6
FNDA:5,sum
FNDA:5,sub
FNDA:8,div
FNDA:8,mult
FNDA:9,Pot
FNDA:9,Raiz
DA:2,5
DA:3,2
DA:5,3
DA:9,5
DA:10,2
DA:12,3
DA:15,8
DA:16,2
DA:18,6
DA:21,8
DA:22,2
DA:24,6
DA:28,9
DA:29,2
DA:31,7
DA:35,9
DA:36,2
DA:38,7
DA:41,1
LF:19
LH:19
BRDA:2,0,0,2
BRDA:2,0,1,3
BRDA:2,1,0,5
BRDA:2,1,1,4
BRDA:9,2,0,2
BRDA:9,2,1,3
BRDA:9,3,0,5
BRDA:9,3,1,4
BRDA:15,4,0,2
BRDA:15,4,1,6
BRDA:15,5,0,8
BRDA:15,5,1,7
BRDA:21,6,0,2
BRDA:21,6,1,6
BRDA:21,7,0,8
BRDA:21,7,1,7
BRDA:28,8,0,2
BRDA:28,8,1,7
BRDA:28,9,0,9
BRDA:28,9,1,8
BRDA:35,10,0,2
BRDA:35,10,1,7
BRDA:35,11,0,9
BRDA:35,11,1,8
BRF:24
BRH:24
end_of_record
